0 info it worked if it ends with ok
1 verbose cli [ 'C:\\Program Files\\nodejs\\node.exe',
1 verbose cli   'C:\\Program Files\\nodejs\\node_modules\\npm\\bin\\npm-cli.js',
1 verbose cli   'start' ]
2 info using npm@3.10.9
3 info using node@v6.9.2
4 verbose run-script [ 'prestart', 'start', 'poststart' ]
5 info lifecycle spotify-app@0.0.0~prestart: spotify-app@0.0.0
6 silly lifecycle spotify-app@0.0.0~prestart: no script for prestart, continuing
7 info lifecycle spotify-app@0.0.0~start: spotify-app@0.0.0
8 verbose lifecycle spotify-app@0.0.0~start: unsafe-perm in lifecycle true
9 verbose lifecycle spotify-app@0.0.0~start: PATH: C:\Program Files\nodejs\node_modules\npm\bin\node-gyp-bin;C:\Users\Pawel\Desktop\js\SpotifyApp\SpotifyApp\node_modules\.bin;C:\ProgramData\Oracle\Java\javapath;C:\Program Files\Common Files\Microsoft Shared\Windows Live;C:\Program Files (x86)\Common Files\Microsoft Shared\Windows Live;C:\Windows\system32;C:\Windows;C:\Windows\System32\Wbem;C:\Windows\System32\WindowsPowerShell\v1.0\;C:\Program Files\Intel\WiFi\bin\;C:\Program Files\Common Files\Intel\WirelessCommon\;C:\Program Files (x86)\Windows Live\Shared;C:\Users\Pawel\.dnx\bin;C:\Program Files\Microsoft DNX\Dnvm\;C:\Program Files\Microsoft SQL Server\130\Tools\Binn\;C:\Program Files\TortoiseSVN\bin;C:\Program Files\nodejs\;C:\Program Files (x86)\Skype\Phone\;C:\Program Files\Git\cmd;C:\Program Files\Intel\WiFi\bin\;C:\Program Files\Common Files\Intel\WirelessCommon\;C:\Users\Pawel\AppData\Roaming\npm
10 verbose lifecycle spotify-app@0.0.0~start: CWD: C:\Users\Pawel\Desktop\js\SpotifyApp\SpotifyApp
11 silly lifecycle spotify-app@0.0.0~start: Args: [ '/d /s /c', 'ng serve' ]
12 silly lifecycle spotify-app@0.0.0~start: Returned: code: 1  signal: null
13 info lifecycle spotify-app@0.0.0~start: Failed to exec start script
14 verbose stack Error: spotify-app@0.0.0 start: `ng serve`
14 verbose stack Exit status 1
14 verbose stack     at EventEmitter.<anonymous> (C:\Program Files\nodejs\node_modules\npm\lib\utils\lifecycle.js:255:16)
14 verbose stack     at emitTwo (events.js:106:13)
14 verbose stack     at EventEmitter.emit (events.js:191:7)
14 verbose stack     at ChildProcess.<anonymous> (C:\Program Files\nodejs\node_modules\npm\lib\utils\spawn.js:40:14)
14 verbose stack     at emitTwo (events.js:106:13)
14 verbose stack     at ChildProcess.emit (events.js:191:7)
14 verbose stack     at maybeClose (internal/child_process.js:877:16)
14 verbose stack     at Process.ChildProcess._handle.onexit (internal/child_process.js:226:5)
15 verbose pkgid spotify-app@0.0.0
16 verbose cwd C:\Users\Pawel\Desktop\js\SpotifyApp\SpotifyApp
17 error Windows_NT 6.1.7601
18 error argv "C:\\Program Files\\nodejs\\node.exe" "C:\\Program Files\\nodejs\\node_modules\\npm\\bin\\npm-cli.js" "start"
19 error node v6.9.2
20 error npm  v3.10.9
21 error code ELIFECYCLE
22 error spotify-app@0.0.0 start: `ng serve`
22 error Exit status 1
23 error Failed at the spotify-app@0.0.0 start script 'ng serve'.
23 error Make sure you have the latest version of node.js and npm installed.
23 error If you do, this is most likely a problem with the spotify-app package,
23 error not with npm itself.
23 error Tell the author that this fails on your system:
23 error     ng serve
23 error You can get information on how to open an issue for this project with:
23 error     npm bugs spotify-app
23 error Or if that isn't available, you can get their info via:
23 error     npm owner ls spotify-app
23 error There is likely additional logging output above.
24 verbose exit [ 1, true ]
